2024-02-22 17:45:51,184 : INFO : root : Starting job. 688 articles to process
2024-02-22 17:45:51,184 : DEBUG : root : Started processing wiki article: 105 Stadium
2024-02-22 17:45:51,199 : DEBUG : urllib3.connectionpool : Starting new HTTPS connection (1): it.wikipedia.org:443
2024-02-22 17:45:51,262 : DEBUG : urllib3.connectionpool : https://it.wikipedia.org:443 "GET /wiki/RDS_Stadium_(Genova) HTTP/1.1" 200 12708
2024-02-22 17:46:12,977 : DEBUG : urllib3.connectionpool : Starting new HTTPS connection (1): translate.google.com:443
2024-02-22 17:46:13,094 : DEBUG : urllib3.connectionpool : https://translate.google.com:443 "GET /m?tl=it&sl=en&q=Il+RDS+Stadium+%E2%81%9E+une+des+principales+structures+polyvalentes+de+G%C3%AAnes%2C+situated+dans+le+quartier+de+Sampierdarena%2C+near+the+train+station.+Built+in+2003%2C+the+shopping+center+has+an+area+of+40+billion+lire+and+includes+a+MediaWorld+point+of+sale%2C+a+cinema%2C+and+a+shopping+center.+The+parterre+of+RDS+Stadium+%E2%81%9E+60+meters+long%2C+30+meters+wide%2C+and+23+meters+high%2C+with+modern+facilities.+The+structure+can+host+sporting+events+and+shows%2C+with+a+maximum+capacity+of+7376+spectators.+Previously+known+as HTTP/1.1" 200 None
2024-02-22 17:46:14,133 : DEBUG : urllib3.connectionpool : Starting new HTTPS connection (1): translate.google.com:443
2024-02-22 17:46:14,211 : DEBUG : urllib3.connectionpool : https://translate.google.com:443 "GET /m?tl=it&sl=en&q=Mazda+Palace+and+with+two+other+structures+managed+by+the+Togni+Group%2C+the+shopping+center+has+undergone+several+name+changes%2C+currently+sponsored+by+Vaillant. HTTP/1.1" 200 None
2024-02-22 17:46:14,978 : DEBUG : root : Finished summarizing and extracting tags for: 105_Stadium
2024-02-22 17:46:14,978 : DEBUG : root : Job at 0.14534883720930233%
2024-02-22 17:46:14,978 : DEBUG : root : Started processing wiki article: ASD Club Sportivo Urania
2024-02-22 17:46:14,978 : DEBUG : urllib3.connectionpool : Starting new HTTPS connection (1): it.wikipedia.org:443
2024-02-22 17:46:15,041 : DEBUG : urllib3.connectionpool : https://it.wikipedia.org:443 "GET /wiki/ASD_Club_Sportivo_Urania HTTP/1.1" 200 15075
2024-02-22 17:46:44,584 : DEBUG : urllib3.connectionpool : Starting new HTTPS connection (1): translate.google.com:443
2024-02-22 17:46:44,693 : DEBUG : urllib3.connectionpool : https://translate.google.com:443 "GET /m?tl=it&sl=en&q=The+ASD+Club+Sportivo+Urania+Vernazzola+is+a+sports+club+located+in+Vernazzola%2C+Genoa%2C+Italy%2C+founded+in+1926.+The+club+is+dedicated+to+canoeing+and+fishing+sports+and+has+been+a+pillar+of+the+community+for+many+years.+After+a+period+of+hiatus+from+competitions%2C+the+club+has+recently+returned+to+form+with+great+success%2C+thanks+to+the+tireless+efforts+of+coach+Roberto+Moscatelli+and+President+Guido+Dioguardi.+Since+its+inception%2C+the+club+has+won+an+impressive+50+Italian+titles+in+canoeing%2C HTTP/1.1" 200 None
2024-02-22 17:46:46,095 : DEBUG : urllib3.connectionpool : Starting new HTTPS connection (1): translate.google.com:443
2024-02-22 17:46:46,173 : DEBUG : urllib3.connectionpool : https://translate.google.com:443 "GET /m?tl=it&sl=en&q=demonstrating+a+deep+passion+and+commitment+to+this+sport.+The+club%27s+facilities+include+an+equipped+gym+for+athlete+training+and+a+cozy+bar+that+serves+as+a+gathering+place+for+members+and+local+residents.+In+addition+to+hosting+various+tournaments+and+festivals+throughout+the+year%2C+including+New+Year%27s+Eve%2C+Befana%27s+Day%2C+Pentolaccia%2C+and+SanGioVerna%2C+the+club+is+a+vital+part+of+the+local+community+and+a+prominent+figure+in+the+national+canoeing+scene.+According+to+the+most+recent+update+in HTTP/1.1" 200 None
2024-02-22 17:46:47,126 : DEBUG : urllib3.connectionpool : Starting new HTTPS connection (1): translate.google.com:443
2024-02-22 17:46:47,204 : DEBUG : urllib3.connectionpool : https://translate.google.com:443 "GET /m?tl=it&sl=en&q=September+2022%2C+the+club+remains+strong+and+continues+to+pursue+new+initiatives. HTTP/1.1" 200 None
2024-02-22 17:46:47,657 : DEBUG : root : Finished summarizing and extracting tags for: ASD_Club_Sportivo_Urania
2024-02-22 17:46:47,657 : DEBUG : root : Job at 0.29069767441860467%
2024-02-22 17:46:47,657 : DEBUG : root : Started processing wiki article: Accademia ligustica di belle arti
2024-02-22 17:46:47,657 : DEBUG : urllib3.connectionpool : Starting new HTTPS connection (1): it.wikipedia.org:443
2024-02-22 17:46:47,720 : DEBUG : urllib3.connectionpool : https://it.wikipedia.org:443 "GET /wiki/Accademia_ligustica_di_belle_arti HTTP/1.1" 200 19806
2024-02-22 17:47:51,679 : DEBUG : urllib3.connectionpool : Starting new HTTPS connection (1): translate.google.com:443
2024-02-22 17:47:51,760 : DEBUG : urllib3.connectionpool : https://translate.google.com:443 "GET /m?tl=it&sl=en&q=Accademia+ligustica+di+belle+arti%3A+A+Cultural+Italian+Institute+in+Genoa+The+Accademia+ligustica+di+belle+arti+is+an+Italian+cultural+institution+located+in+Genoa%2C+founded+in+1751+with+the+aim+of+promoting+art+and+culture.+The+palace+that+houses+the+Accademia+was+built+on+a+site+previously+occupied+by+a+convent+of+San+Domenico+and+has+been+restored+after+suffering+damage+during+World+War+II+air+raids+in+1942.+The+Accademia%27s+collection+includes+works+by+both+Italian+and+international+artists%2C HTTP/1.1" 200 None
2024-02-22 17:47:52,191 : DEBUG : urllib3.connectionpool : Starting new HTTPS connection (1): translate.google.com:443
2024-02-22 17:47:52,284 : DEBUG : urllib3.connectionpool : https://translate.google.com:443 "GET /m?tl=it&sl=en&q=including+Vanessa+Beecroft%2C+Gilberto+Govi%2C+Bernardo+Strozzi%2C+Giovanni+Battista+Paggi%2C+and+many+others.+The+collection+features+paintings%2C+sculptures%2C+prints%2C+drawings%2C+ceramics%2C+and+more. HTTP/1.1" 200 None
2024-02-22 17:47:52,659 : DEBUG : root : Finished summarizing and extracting tags for: Accademia_ligustica_di_belle_arti
2024-02-22 17:47:52,659 : DEBUG : root : Job at 0.436046511627907%
2024-02-22 17:47:52,659 : DEBUG : root : Started processing wiki article: Acquario di Genova
2024-02-22 17:47:52,659 : DEBUG : urllib3.connectionpool : Starting new HTTPS connection (1): it.wikipedia.org:443
2024-02-22 17:47:52,722 : DEBUG : urllib3.connectionpool : https://it.wikipedia.org:443 "GET /wiki/Acquario_di_Genova HTTP/1.1" 200 20541
2024-02-22 17:49:09,648 : DEBUG : urllib3.connectionpool : Starting new HTTPS connection (1): translate.google.com:443
2024-02-22 17:49:09,717 : DEBUG : urllib3.connectionpool : https://translate.google.com:443 "GET /m?tl=it&sl=en&q=The+Aquarium+of+Genoa%2C+located+in+Ponte+Spinola%2C+within+the+historic+port+of+Genoa%2C+is+a+must-visit+attraction+for+anyone+interested+in+marine+life.+Opened+in+1992+to+coincide+with+the+500th+anniversary+of+Christopher+Columbus%27s+discovery+of+America%2C+this+aquarium+was+once+the+largest+in+Europe+and+second+in+the+world.+Today%2C+it+continues+to+impress+visitors+with+its+vast+array+of+aquatic+species+from+around+the+globe.The+aquarium+is+owned+by+Porto+Antico+di+Genova+S.p.A.+and+managed+by+Costa HTTP/1.1" 200 None
2024-02-22 17:49:11,470 : DEBUG : urllib3.connectionpool : Starting new HTTPS connection (1): translate.google.com:443
2024-02-22 17:49:11,548 : DEBUG : urllib3.connectionpool : https://translate.google.com:443 "GET /m?tl=it&sl=en&q=Edutainment+S.p.A.+Renowned+architect+Renzo+Piano+designed+the+structure%2C+while+renowned+designer+Peter+Chermayeff+curated+the+interior+design.+Over+the+years%2C+the+aquarium+has+undergone+several+expansions%2C+including+the+addition+of+the+Cetacean+Pavilion+in+2013%2C+which+features+four+large+tanks+that+allow+visitors+to+observe+dolphins%2C+whales%2C+and+other+marine+animals+from+two+different+levels.The+aquarium%27s+surface+area+spans+27%2C000+square+meters%2C+and+it+is+home+to+around+150%2C000+animals+from HTTP/1.1" 200 None
2024-02-22 17:49:12,126 : DEBUG : urllib3.connectionpool : Starting new HTTPS connection (1): translate.google.com:443
2024-02-22 17:49:12,204 : DEBUG : urllib3.connectionpool : https://translate.google.com:443 "GET /m?tl=it&sl=en&q=400+different+species.+These+include+fish%2C+marine+mammals%2C+birds%2C+reptiles%2C+amphibians%2C+and+invertebrates.+Visitors+can+explore+a+vast+array+of+exhibits%2C+including+a+shark+tunnel%2C+a+touch+pool%2C+and+a+sea+turtle+area.+The+aquarium+also+offers+special+tours+such+as+%22Adventure+Aquarium%22+and+%22Secret+Aquarium%22+for+children%2C+which+allow+them+to+discover+what+lies+behind+the+scenes+and+see+the+hidden+areas+of+the+aquarium.+For+a+unique+experience%2C+the+aquarium+offers+%22Night+with+the+Sharks%2C%22+where+a HTTP/1.1" 200 None
2024-02-22 17:49:13,157 : DEBUG : urllib3.connectionpool : Starting new HTTPS connection (1): translate.google.com:443
2024-02-22 17:49:13,235 : DEBUG : urllib3.connectionpool : https://translate.google.com:443 "GET /m?tl=it&sl=en&q=maximum+of+35+children+can+spend+an+entire+night+inside+the+shark+tank+and+learn+about+their+nocturnal+behavior.The+aquarium%27s+water+supply+is+collected+from+the+open+sea+through+a+sea+intake+that+guarantees+a+constant+supply+of+high-quality+water.+The+water+is+then+stored+in+four+tanks+located+on+either+side+of+the+two+exhibition+levels+and+is+filtered+through+mechanical+and+biological+systems+to+ensure+each+exhibit+has+the+appropriate+temperature%2C+pH%2C+and+salinity.In+conclusion%2C+the+Aquarium HTTP/1.1" 200 None
2024-02-22 17:49:14,610 : DEBUG : urllib3.connectionpool : Starting new HTTPS connection (1): translate.google.com:443
2024-02-22 17:49:14,719 : DEBUG : urllib3.connectionpool : https://translate.google.com:443 "GET /m?tl=it&sl=en&q=of+Genoa+is+a+world-class+attraction+that+offers+visitors+a+unique+and+unforgettable+experience.+With+its+vast+array+of+aquatic+species%2C+interactive+exhibits%2C+and+special+tours%2C+it+is+a+must-visit+destination+for+anyone+interested+in+marine+life.+So+come+and+discover+the+wonders+of+the+ocean+at+the+Aquarium+of+Genoa%21 HTTP/1.1" 200 None
2024-02-22 17:49:16,016 : DEBUG : root : Finished summarizing and extracting tags for: Acquario_di_Genova
2024-02-22 17:49:16,016 : DEBUG : root : Job at 0.5813953488372093%
2024-02-22 17:49:16,016 : DEBUG : root : Started processing wiki article: Acquasanta
2024-02-22 17:49:16,016 : DEBUG : urllib3.connectionpool : Starting new HTTPS connection (1): it.wikipedia.org:443
2024-02-22 17:49:16,078 : DEBUG : urllib3.connectionpool : https://it.wikipedia.org:443 "GET /wiki/Acquasanta_(citt%C3%A0_metropolitana_di_Genova) HTTP/1.1" 200 17419
2024-02-22 17:50:37,088 : DEBUG : urllib3.connectionpool : Starting new HTTPS connection (1): translate.google.com:443
2024-02-22 17:50:37,175 : DEBUG : urllib3.connectionpool : https://translate.google.com:443 "GET /m?tl=it&sl=en&q=Acquasanta+is+a+small+town+nestled+in+the+picturesque+Apennine+Mountains+of+Liguria%2C+Italy.+Situated+approximately+23+kilometers+northwest+of+Genoa%2C+the+town+is+divided+between+the+municipalities+of+Mele+and+Genoa%2C+with+the+Acquasanta+River+running+through+its+center.+The+town%27s+name%2C+Acqua+Santa%2C+meaning+%22Holy+Water%2C%22+originates+from+its+famous+sulfur+spring%2C+which+was+believed+to+possess+healing+properties+in+ancient+times.+Over+time%2C+a+settlement+grew+around+the+spring%2C+and+a+shrine+was HTTP/1.1" 200 None
2024-02-22 17:50:37,748 : DEBUG : urllib3.connectionpool : Starting new HTTPS connection (1): translate.google.com:443
2024-02-22 17:50:37,826 : DEBUG : urllib3.connectionpool : https://translate.google.com:443 "GET /m?tl=it&sl=en&q=built+in+dedication+to+the+Madonna+dell%27Acquasanta.In+the+early+19th+century%2C+the+Opera+Pia+Nostra+Signora+dell%27Acquasanta%2C+a+charitable+organization+from+Voltri%2C+constructed+the+Acquasanta+Thermal+Baths.+The+baths+were+built+according+to+their+intended+purpose+of+providing+affordable+thermal+baths+for+the+sick+and+poor+and+operated+until+the+outbreak+of+World+War+I.+During+World+War+II%2C+the+building+was+occupied+by+German+soldiers%2C+who+removed+the+marble+bathtubs+and+used+them+as+horse+troughs HTTP/1.1" 200 None
2024-02-22 17:50:38,638 : DEBUG : urllib3.connectionpool : Starting new HTTPS connection (1): translate.google.com:443
2024-02-22 17:50:38,717 : DEBUG : urllib3.connectionpool : https://translate.google.com:443 "GET /m?tl=it&sl=en&q=in+the+garden%2C+where+they+still+remain+today.+The+thermal+building+from+the+19th+century+is+a+notable+example+of+neoclassical+architecture+with+strong+Genoese+influences%2C+connected+to+the+architecture+of+the+Alessi+villa.Along+the+road+leading+to+the+town%2C+there+are+several+factories%2C+some+of+which+are+still+in+operation%2C+including+several+cartieries.+In+the+town+itself%2C+there+is+a+18th-century+cartiera%2C+the+Piccardo%2C+which+has+been+restored+and+opened+to+the+public+as+a+museum+of+paper HTTP/1.1" 200 None
2024-02-22 17:50:39,872 : DEBUG : urllib3.connectionpool : Starting new HTTPS connection (1): translate.google.com:443
2024-02-22 17:50:39,951 : DEBUG : urllib3.connectionpool : https://translate.google.com:443 "GET /m?tl=it&sl=en&q=production.Acquasanta+is+connected+to+the+SS456+%22del+Turchino%22+highway+via+the+Road+of+the+Giutte%2C+and+it+is+served+by+the+Genoa+Acquasanta+train+station%2C+which+is+located+on+the+Genoa-Acqui+Terme+railway+line+and+is+served+by+regional+trains+operated+by+Trenitalia+as+part+of+the+contract+with+the+Liguria+region.+Public+transportation+in+Acquasanta+is+provided+by+AMT+buses.The+surrounding+area+is+dominated+by+the+Punta+Martin%2C+which+reaches+an+elevation+of+1001+meters%2C+and+the+Baiarda+Rocks%2C+on HTTP/1.1" 200 None
2024-02-22 17:50:40,810 : DEBUG : urllib3.connectionpool : Starting new HTTPS connection (1): translate.google.com:443
2024-02-22 17:50:40,888 : DEBUG : urllib3.connectionpool : https://translate.google.com:443 "GET /m?tl=it&sl=en&q=which+there+are+many+hiking+trails+suitable+for+excursions+and+climbing.+Visitors+can+enjoy+breathtaking+views+of+the+Apennine+Mountains+and+the+surrounding+landscape+from+these+vantage+points.In+conclusion%2C+Acquasanta+is+a+charming+town+in+Liguria%2C+Italy%2C+with+a+rich+history+and+natural+beauty.+Its+sulfur+spring%2C+thermal+baths%2C+and+stunning+surroundings+make+it+a+must-visit+destination+for+those+interested+in+history%2C+culture%2C+and+outdoor+activities. HTTP/1.1" 200 None
2024-02-22 17:50:42,013 : DEBUG : root : Finished summarizing and extracting tags for: Acquasanta
2024-02-22 17:50:42,013 : DEBUG : root : Job at 0.7267441860465116%
2024-02-22 17:50:42,013 : DEBUG : root : Started processing wiki article: Aeroporto di Genova-Sestri
2024-02-22 17:50:42,013 : DEBUG : urllib3.connectionpool : Starting new HTTPS connection (1): it.wikipedia.org:443
2024-02-22 17:50:42,075 : DEBUG : urllib3.connectionpool : https://it.wikipedia.org:443 "GET /wiki/Aeroporto_di_Genova-Sestri HTTP/1.1" 200 34045
